<?xml version="1.0" encoding="UTF-8"?>
<!-- Generated by org.testng.reporters.JUnitXMLReporter -->
<testsuite hostname="3KNZ1N2" ignored="0" name="Default test" tests="4" failures="0" timestamp="19 Dec 2018 20:34:55 GMT" time="65.098" errors="0">
  <testcase name="RegistrationTest" time="63.202" classname="com.perspecta.hybrid.suitea.Registration"/>
  <testcase name="RegistrationTest" time="0.004" classname="com.perspecta.hybrid.suitea.Registration">
    <skipped/>
  </testcase> <!-- RegistrationTest -->
  <testcase name="RegistrationTest" time="0.002" classname="com.perspecta.hybrid.suitea.Registration">
    <skipped/>
  </testcase> <!-- RegistrationTest -->
  <testcase name="RegistrationTest" time="0.002" classname="com.perspecta.hybrid.suitea.Registration">
    <skipped/>
  </testcase> <!-- RegistrationTest -->
</testsuite> <!-- Default test -->
