<?xml version="1.0" encoding="UTF-8"?>
<!-- Generated by org.testng.reporters.JUnitXMLReporter -->
<testsuite hostname="DESKTOP-NM05SVP" name="Test B" tests="2" failures="0" timestamp="21 Mar 2018 11:02:22 GMT" time="0.247" errors="0">
  <testcase name="testB" time="0.002" classname="com.qtpselenium.hybrid.suitea.TestB">
    <skipped/>
  </testcase> <!-- testB -->
  <testcase name="testB" time="0.002" classname="com.qtpselenium.hybrid.suitea.TestB">
    <skipped/>
  </testcase> <!-- testB -->
</testsuite> <!-- Test B -->
