<?xml version="1.0" encoding="UTF-8"?>
<!-- Generated by org.testng.reporters.JUnitXMLReporter -->
<testsuite hostname="DESKTOP-NM05SVP" name="Test B" tests="2" failures="0" timestamp="21 Mar 2018 11:02:23 GMT" time="0.363" errors="0">
  <testcase name="testB" time="0.003" classname="com.qtpselenium.hybrid.suiteb.TestB">
    <skipped/>
  </testcase> <!-- testB -->
  <testcase name="testB" time="0.001" classname="com.qtpselenium.hybrid.suiteb.TestB">
    <skipped/>
  </testcase> <!-- testB -->
</testsuite> <!-- Test B -->
